<?xml version="1.0" encoding="UTF-8"?>
<!-- Generated by org.testng.reporters.JUnitReportReporter -->
<testsuite skipped="0" hostname="DESKTOP-2R6S4D6" name="Scripts.My_Script" tests="1" failures="0" timestamp="18 Feb 2019 19:11:23 GMT" time="105.652" errors="0">
  <testcase name="script" time="105.652" classname="Scripts.My_Script"/>
</testsuite> <!-- Scripts.My_Script -->
